<?xml version="1.0" encoding="UTF-8"?>
<!-- Generated by org.testng.reporters.JUnitReportReporter -->
<testsuite skipped="0" hostname="vwnb0082" name="com.sandbox.qa.NegativeLoginTest" tests="1" failures="0" timestamp="17 Aug 2019 12:52:14 GMT" time="17.464" errors="0">
  <testcase name="negativeLogin" time="17.464" classname="com.sandbox.qa.NegativeLoginTest"/>
</testsuite> <!-- com.sandbox.qa.NegativeLoginTest -->
