<?xml version="1.0" encoding="UTF-8"?>
<!-- Generated by org.testng.reporters.JUnitReportReporter -->
<testsuite skipped="0" hostname="vwnb0082" name="com.sandbox.qa.NegativeLogInTest1" tests="1" failures="0" timestamp="20 Aug 2019 08:08:35 GMT" time="18.604" errors="0">
  <testcase name="negativeLoginTest1" time="18.604" classname="com.sandbox.qa.NegativeLogInTest1"/>
</testsuite> <!-- com.sandbox.qa.NegativeLogInTest1 -->
