<?xml version="1.0" encoding="UTF-8"?>
<!-- Generated by org.testng.reporters.JUnitReportReporter -->
<testsuite skipped="0" hostname="vwnb0082" name="com.sandbox.qa.AddTestCases" tests="1" failures="0" timestamp="19 Aug 2019 20:02:36 GMT" time="77.661" errors="0">
  <testcase name="addTestCases" time="77.661" classname="com.sandbox.qa.AddTestCases"/>
</testsuite> <!-- com.sandbox.qa.AddTestCases -->
