<?xml version="1.0" encoding="UTF-8"?>
<!-- Generated by org.testng.reporters.JUnitReportReporter -->
<testsuite skipped="0" hostname="vwnb0082" name="com.sandbox.qa.RedirectionToWebSiteTest" tests="1" failures="0" timestamp="19 Aug 2019 15:52:29 GMT" time="17.053" errors="0">
  <testcase name="negativeLogin" time="17.053" classname="com.sandbox.qa.RedirectionToWebSiteTest"/>
</testsuite> <!-- com.sandbox.qa.RedirectionToWebSiteTest -->
