<?xml version="1.0" encoding="UTF-8"?>
<!-- Generated by org.testng.reporters.JUnitReportReporter -->
<testsuite skipped="0" hostname="vwnb0082" name="com.sandbox.qa.RemoveTestCases" tests="1" failures="0" timestamp="19 Aug 2019 20:01:09 GMT" time="63.729" errors="0">
  <testcase name="removeTestCases" time="63.729" classname="com.sandbox.qa.RemoveTestCases"/>
</testsuite> <!-- com.sandbox.qa.RemoveTestCases -->
