<?xml version="1.0" encoding="UTF-8"?>
<!-- Generated by org.testng.reporters.JUnitReportReporter -->
<testsuite skipped="0" hostname="vwnb0082" name="com.sandbox.qa.WarningMessagesTest" tests="1" failures="0" timestamp="19 Aug 2019 15:21:30 GMT" time="12.549" errors="0">
  <testcase name="negativeLogin" time="12.549" classname="com.sandbox.qa.WarningMessagesTest"/>
</testsuite> <!-- com.sandbox.qa.WarningMessagesTest -->
