<?xml version="1.0" encoding="UTF-8"?>
<!-- Generated by org.testng.reporters.JUnitReportReporter -->
<testsuite skipped="0" hostname="vwnb0082" name="com.sandbox.qa.NegativeLogInTest2" tests="1" failures="0" timestamp="20 Aug 2019 08:07:17 GMT" time="19.288" errors="0">
  <testcase name="negativeLoginTest2" time="19.288" classname="com.sandbox.qa.NegativeLogInTest2"/>
</testsuite> <!-- com.sandbox.qa.NegativeLogInTest2 -->
