<?xml version="1.0" encoding="UTF-8"?>
<!-- Generated by org.testng.reporters.JUnitReportReporter -->
<testsuite skipped="0" hostname="vwnb0082" name="com.sandbox.qa.ForgotPasswordTest" tests="1" failures="0" timestamp="19 Aug 2019 15:30:54 GMT" time="20.306" errors="0">
  <testcase name="negativeLogin" time="20.306" classname="com.sandbox.qa.ForgotPasswordTest"/>
</testsuite> <!-- com.sandbox.qa.ForgotPasswordTest -->
