<?xml version="1.0" encoding="UTF-8"?>
<!-- Generated by org.testng.reporters.JUnitReportReporter -->
<testsuite skipped="0" hostname="vwnb0082" name="com.sandbox.qa.LogInTest" tests="1" failures="0" timestamp="19 Aug 2019 15:17:58 GMT" time="18.541" errors="0">
  <testcase name="negativeLogin" time="18.541" classname="com.sandbox.qa.LogInTest"/>
</testsuite> <!-- com.sandbox.qa.LogInTest -->
