<?xml version="1.0" encoding="UTF-8"?>
<!-- Generated by org.testng.reporters.JUnitReportReporter -->
<testsuite skipped="0" hostname="vwnb0082" name="com.sandbox.qa.EditTestCases" tests="1" failures="0" timestamp="19 Aug 2019 19:43:43 GMT" time="58.268" errors="0">
  <testcase name="negativeLogin" time="58.268" classname="com.sandbox.qa.EditTestCases"/>
</testsuite> <!-- com.sandbox.qa.EditTestCases -->
