<?xml version="1.0" encoding="UTF-8"?>
<!-- Generated by org.testng.reporters.JUnitReportReporter -->
<testsuite skipped="0" hostname="vwnb0082" name="com.sandbox.qa.LogInTest" tests="2" failures="0" timestamp="19 Aug 2019 20:39:16 GMT" time="34.904" errors="0">
  <testcase name="loginTest" time="16.674" classname="com.sandbox.qa.LogInTest"/>
  <testcase name="loginTest" time="18.230" classname="com.sandbox.qa.LogInTest"/>
</testsuite> <!-- com.sandbox.qa.LogInTest -->
