<?xml version="1.0" encoding="UTF-8"?>
<!-- Generated by org.testng.reporters.JUnitReportReporter -->
<testsuite skipped="0" hostname="vwnb0082" name="com.sandbox.qa.EditTestCases" tests="2" failures="0" timestamp="19 Aug 2019 20:39:16 GMT" time="112.135" errors="0">
  <testcase name="editTestCases" time="56.006" classname="com.sandbox.qa.EditTestCases"/>
  <testcase name="editTestCases" time="56.129" classname="com.sandbox.qa.EditTestCases"/>
</testsuite> <!-- com.sandbox.qa.EditTestCases -->
