<?xml version="1.0" encoding="UTF-8"?>
<!-- Generated by org.testng.reporters.JUnitReportReporter -->
<testsuite skipped="0" hostname="vwnb0082" name="com.sandbox.qa.NegativeLogInTest1" tests="2" failures="0" timestamp="19 Aug 2019 20:39:16 GMT" time="34.938" errors="0">
  <testcase name="negativeLoginTest1" time="17.321" classname="com.sandbox.qa.NegativeLogInTest1"/>
  <testcase name="negativeLoginTest1" time="17.617" classname="com.sandbox.qa.NegativeLogInTest1"/>
</testsuite> <!-- com.sandbox.qa.NegativeLogInTest1 -->
