<?xml version="1.0" encoding="UTF-8"?>
<!-- Generated by org.testng.reporters.JUnitReportReporter -->
<testsuite skipped="0" hostname="vwnb0082" name="com.sandbox.qa.ForgotPasswordTest" tests="2" failures="0" timestamp="19 Aug 2019 20:39:16 GMT" time="40.813" errors="0">
  <testcase name="forgotPasswordTest" time="19.440" classname="com.sandbox.qa.ForgotPasswordTest"/>
  <testcase name="forgotPasswordTest" time="21.373" classname="com.sandbox.qa.ForgotPasswordTest"/>
</testsuite> <!-- com.sandbox.qa.ForgotPasswordTest -->
