<?xml version="1.0" encoding="UTF-8"?>
<!-- Generated by org.testng.reporters.JUnitReportReporter -->
<testsuite skipped="0" hostname="vwnb0082" name="com.sandbox.qa.NegativeLogInTest2" tests="2" failures="0" timestamp="19 Aug 2019 20:39:16 GMT" time="33.536" errors="0">
  <testcase name="negativeLoginTest2" time="17.504" classname="com.sandbox.qa.NegativeLogInTest2"/>
  <testcase name="negativeLoginTest2" time="16.032" classname="com.sandbox.qa.NegativeLogInTest2"/>
</testsuite> <!-- com.sandbox.qa.NegativeLogInTest2 -->
