<?xml version="1.0" encoding="UTF-8"?>
<!-- Generated by org.testng.reporters.JUnitReportReporter -->
<testsuite skipped="0" hostname="vwnb0082" name="com.sandbox.qa.AddTestCases" tests="2" failures="0" timestamp="19 Aug 2019 20:39:16 GMT" time="149.551" errors="0">
  <testcase name="addTestCases" time="74.867" classname="com.sandbox.qa.AddTestCases"/>
  <testcase name="addTestCases" time="74.684" classname="com.sandbox.qa.AddTestCases"/>
</testsuite> <!-- com.sandbox.qa.AddTestCases -->
