<?xml version="1.0" encoding="UTF-8"?>
<!-- Generated by org.testng.reporters.JUnitReportReporter -->
<testsuite skipped="0" hostname="vwnb0082" name="com.sandbox.qa.RedirectionToWebSiteTest" tests="2" failures="0" timestamp="19 Aug 2019 20:39:16 GMT" time="34.169" errors="0">
  <testcase name="redirectionTest" time="17.129" classname="com.sandbox.qa.RedirectionToWebSiteTest"/>
  <testcase name="redirectionTest" time="17.040" classname="com.sandbox.qa.RedirectionToWebSiteTest"/>
</testsuite> <!-- com.sandbox.qa.RedirectionToWebSiteTest -->
