<?xml version="1.0" encoding="UTF-8"?>
<!-- Generated by org.testng.reporters.JUnitReportReporter -->
<testsuite skipped="0" hostname="vwnb0082" name="com.sandbox.qa.RemoveTestCases" tests="2" failures="0" timestamp="19 Aug 2019 20:39:16 GMT" time="119.916" errors="0">
  <testcase name="removeTestCases" time="61.641" classname="com.sandbox.qa.RemoveTestCases"/>
  <testcase name="removeTestCases" time="58.275" classname="com.sandbox.qa.RemoveTestCases"/>
</testsuite> <!-- com.sandbox.qa.RemoveTestCases -->
